<?xml version="1.0" encoding="UTF-8"?>
<!-- Generated by org.testng.reporters.JUnitReportReporter -->
<testsuite hostname="LAPTOP-5QB29M7G" failures="0" tests="1" name="suite.NewTest" time="0.008" errors="0" timestamp="2025-06-03T05:58:37 IST" skipped="0">
  <testcase classname="suite.NewTest" name="f" time="0.008"/>
</testsuite> <!-- suite.NewTest -->
